[2024-09-02  20:24:10] [info] MoZI: 日志初始化设置完成
[2024-09-02  20:24:10] [info] MoZI: MOUI初始化设置中...
[2024-09-02  20:24:10] [info] MoZI: Moui格式初始化完成
[2024-09-02  20:24:10] [info] MoZI: Moui主题初始化完成
[2024-09-02  20:24:10] [info] MoZI: Moui弹窗初始化完成
[2024-09-02  20:24:10] [info] MoZI: MOUI初始化完成
[2024-09-02  20:24:10] [info] MoZI: Mysql数据库初始设置中...
[2024-09-02  20:24:10] [info] MoZI: Mysql数据库连接中......
[2024-09-02  20:24:11] [info] MoZI: Mysql数据库连接成功，数据库名：modata01
[2024-09-02  20:24:11] [info] MoZI: MysqlData::CreateDataTable：数据表存在检测中......
[2024-09-02  20:24:11] [info] MoZI: MysqlData::CreateDataTable：数据表fileinfo已存在
[2024-09-02  20:24:11] [info] MoZI: MysqlData::CreateDataTable：数据表tempfileinfo已存在
[2024-09-02  20:24:16] [info] MoZI: NewBuildFile：新建文件中......
[2024-09-02  20:24:16] [info] MoZI: RenameCheck：未发现重命名
[2024-09-02  20:24:16] [info] MoZI: AddFile：新建文件夹成功
[2024-09-02  20:24:18] [info] MoZI: NewBuildFile：新建文件中......
[2024-09-02  20:24:18] [info] MoZI: RenameCheck：未发现重命名
[2024-09-02  20:24:18] [info] MoZI: AddFile：新建文件夹成功
[2024-09-02  20:24:21] [info] MoZI: NewBuildFile：新建文件中......
[2024-09-02  20:24:21] [info] MoZI: RenameCheck：未发现重命名
[2024-09-02  20:24:21] [info] MoZI: AddFile：新建文件夹成功
[2024-09-02  20:24:23] [info] MoZI: NewBuildFile：新建文件中......
[2024-09-02  20:24:23] [info] MoZI: RenameCheck：未发现重命名
[2024-09-02  20:24:23] [info] MoZI: AddFile：新建文件夹成功
[2024-09-02  20:24:25] [info] MoZI: NewBuildFile：新建文件中......
[2024-09-02  20:24:25] [info] MoZI: RenameCheck：未发现重命名
[2024-09-02  20:24:25] [info] MoZI: AddFile：新建文件夹成功
[2024-09-02  20:24:34] [info] MoZI: NewBuildFile：新建文件中......
[2024-09-02  20:24:34] [info] MoZI: RenameCheck：未发现重命名
[2024-09-02  20:24:34] [info] MoZI: AddFile：新建文件夹成功
[2024-09-02  20:24:41] [info] MoZI: NewBuildFile：新建文件中......
[2024-09-02  20:24:41] [info] MoZI: RenameCheck：未发现重命名
[2024-09-02  20:24:41] [info] MoZI: AddFile：新建文件夹成功
[2024-09-02  20:24:47] [info] MoZI: FileManagePasteFile：粘贴文件中...
[2024-09-02  20:24:47] [info] MoZI: RenameCheck：未发现重命名
[2024-09-02  20:24:47] [info] MoZI: PasteFile：粘贴文件中......
[2024-09-02  20:24:47] [info] MoZI: PasteFile：成功粘贴文件夹 from_path:C:/Users/Dell/Desktop/MoZI/storage/2--to_path:C:/Users/Dell/Desktop/MoZI/storage/1
[2024-09-02  20:24:49] [info] MoZI: FileManagePasteFile：粘贴文件中...
[2024-09-02  20:24:49] [info] MoZI: RenameCheck：未发现重命名
[2024-09-02  20:24:49] [info] MoZI: PasteFile：粘贴文件中......
[2024-09-02  20:24:49] [info] MoZI: PasteFile：成功粘贴文件夹 from_path:C:/Users/Dell/Desktop/MoZI/storage/2--to_path:C:/Users/Dell/Desktop/MoZI/storage/3
[2024-09-02  20:24:50] [info] MoZI: FileManagePasteFile：粘贴文件中...
[2024-09-02  20:24:50] [info] MoZI: RenameCheck：未发现重命名
[2024-09-02  20:24:50] [info] MoZI: PasteFile：粘贴文件中......
[2024-09-02  20:24:50] [info] MoZI: PasteFile：成功粘贴文件夹 from_path:C:/Users/Dell/Desktop/MoZI/storage/2--to_path:C:/Users/Dell/Desktop/MoZI/storage/4
[2024-09-02  20:24:51] [info] MoZI: FileManagePasteFile：粘贴文件中...
[2024-09-02  20:24:51] [info] MoZI: RenameCheck：未发现重命名
[2024-09-02  20:24:51] [info] MoZI: PasteFile：粘贴文件中......
[2024-09-02  20:24:51] [info] MoZI: PasteFile：成功粘贴文件夹 from_path:C:/Users/Dell/Desktop/MoZI/storage/2--to_path:C:/Users/Dell/Desktop/MoZI/storage/5
[2024-09-02  20:24:53] [info] MoZI: FileManagePasteFile：粘贴文件中...
[2024-09-02  20:24:53] [info] MoZI: 文件名：2，在路径：C:/Users/Dell/Desktop/MoZI/storage/3中存在同名文件
[2024-09-02  20:24:54] [info] MoZI: PasteFilePopup:替强制建立文件中...
[2024-09-02  20:24:54] [info] MoZI: FileManagePasteFile：粘贴文件中...
[2024-09-02  20:24:54] [info] MoZI: PasteFile：粘贴文件中......
[2024-09-02  20:24:54] [info] MoZI: PasteFile：强制重命名中......
[2024-09-02  20:24:54] [info] MoZI: 文件名：2，在路径：C:/Users/Dell/Desktop/MoZI/storage/3中存在同名文件
[2024-09-02  20:24:54] [info] MoZI: RenameCheck：未发现重命名
[2024-09-02  20:24:54] [info] MoZI: PasteFile：成功粘贴文件夹 from_path:C:/Users/Dell/Desktop/MoZI/storage/2--to_path:C:/Users/Dell/Desktop/MoZI/storage/3
