  MoObject.cpp
C:\Users\Dell\Desktop\MoZI\MoziApp\mzlib\MoObject.cpp(1,10): error C1083: 无法打开包括文件: “mopch.h”: No such file or directory
  MysqlOperate.cpp
C:\Users\Dell\Desktop\MoZI\MoziApp\mzlib\MysqlOperate.cpp(1,10): error C1083: 无法打开包括文件: “mopch.h”: No such file or directory
  FileOperate.cpp
C:\Users\Dell\Desktop\MoZI\MoziApp\mzlib\FileOperate.cpp(1,10): error C1083: 无法打开包括文件: “mopch.h”: No such file or directory
  imgui.cpp
  imgui_demo.cpp
  imgui_draw.cpp
  imgui_impl_glfw.cpp
C:\Users\Dell\Desktop\MoZI\MoziApp\imgui\imgui_impl_glfw.cpp(89,10): error C1083: 无法打开包括文件: “GLFW/glfw3.h”: No such file or directory
  imgui_impl_opengl3.cpp
  imgui_tables.cpp
  imgui_widgets.cpp
  Log.cpp
C:\Users\Dell\Desktop\MoZI\MoziApp\mzlib\Log.cpp(1,10): error C1083: 无法打开包括文件: “mopch.h”: No such file or directory
  mopch.cpp
C:\Users\Dell\Desktop\MoZI\MoziApp\mopch.h(18,10): error C1083: 无法打开包括文件: “mysql.h”: No such file or directory
C:\Program Files\Microsoft Visual Studio\2022\Community\VC\Tools\MSVC\14.40.33807\include\filesystem(12): warning STL4038: The contents of <filesystem> are available only with C++17 or later.
  FileManage.cpp
C:\Users\Dell\Desktop\MoZI\MoziApp\src\FileManage.cpp(1,10): error C1083: 无法打开包括文件: “mopch.h”: No such file or directory
  main.cpp
C:\Users\Dell\Desktop\MoZI\MoziApp\src\main.cpp(1,10): error C1083: 无法打开包括文件: “mopch.h”: No such file or directory
  Moui.cpp
C:\Users\Dell\Desktop\MoZI\MoziApp\src\Moui.cpp(1,10): error C1083: 无法打开包括文件: “mopch.h”: No such file or directory
  MoziPage.cpp
C:\Users\Dell\Desktop\MoZI\MoziApp\src\MoziPage.cpp(1,10): error C1083: 无法打开包括文件: “mopch.h”: No such file or directory
